<?xml version="1.0" encoding="UTF-8"?>
<testng-results ignored="0" total="1" passed="1" failed="0" skipped="0">
  <reporter-output>
  </reporter-output>
  <suite started-at="2022-07-29T20:12:47 IST" name="Default suite" finished-at="2022-07-29T20:13:01 IST" duration-ms="14668">
    <groups>
    </groups>
    <test started-at="2022-07-29T20:12:47 IST" name="Default test" finished-at="2022-07-29T20:13:01 IST" duration-ms="14668">
      <class name="com.adactin.hotelapp.tests.ToVerifyValidLoginDetails">
        <test-method is-config="true" signature="startClass()[pri:0, instance:com.adactin.hotelapp.tests.ToVerifyValidLoginDetails@3e11f9e9]" started-at="2022-07-29T20:12:47 IST" name="startClass" finished-at="2022-07-29T20:12:57 IST" duration-ms="10415" status="PASS">
          <reporter-output>
          </reporter-output>
        </test-method> <!-- startClass -->
        <test-method signature="toVerifyValidLoginDetailsTest(java.lang.String,java.lang.String,java.lang.String)[pri:0, instance:com.adactin.hotelapp.tests.ToVerifyValidLoginDetails@3e11f9e9]" started-at="2022-07-29T20:12:59 IST" name="toVerifyValidLoginDetailsTest" data-provider="getData" finished-at="2022-07-29T20:13:01 IST" duration-ms="2781" status="PASS">
          <params>
            <param index="0">
              <value>
                <![CDATA[reyaz0617]]>
              </value>
            </param>
            <param index="1">
              <value>
                <![CDATA[reyaz123]]>
              </value>
            </param>
            <param index="2">
              <value>
                <![CDATA[Adactin.com - Search Hotel]]>
              </value>
            </param>
          </params>
          <reporter-output>
          </reporter-output>
        </test-method> <!-- toVerifyValidLoginDetailsTest -->
      </class> <!-- com.adactin.hotelapp.tests.ToVerifyValidLoginDetails -->
    </test> <!-- Default test -->
  </suite> <!-- Default suite -->
</testng-results>
